<?xml version="1.0" encoding="UTF-8" ?>
<testsuite tests="5" failures="3" name="TestSuite" time="812.815" errors="0" skipped="2">
  <properties>
[...]
</properties>
  <testcase classname="com.fpt.excercise1.TestTiKiApp" name="beforeClass" time="264.871">
    <failure message="It is impossible to create a new session because &apos;createSession&apos; which takes HttpClient, InputStream and long was not found or it is not accessible
Build info: version: &apos;3.12.0&apos;, revision: &apos;7c6e0b3&apos;, time: &apos;2018-05-08T14:04:26.12Z&apos;
System info: host: &apos;MacBook-Pro-3.local&apos;, ip: &apos;fe80:0:0:0:14e2:8681:806b:e5b6%en0&apos;, os.name: &apos;Mac OS X&apos;, os.arch: &apos;x86_64&apos;, os.version: &apos;10.14.2&apos;, java.version: &apos;1.8.0_181&apos;
Driver info: driver.version: AndroidDriver" type="org.openqa.selenium.WebDriverException">org.openqa.selenium.WebDriverException: It is impossible to create a new session because &apos;createSession&apos; which takes HttpClient, InputStream and long was not found or it is not accessible
Build info: version: &apos;3.12.0&apos;, revision: &apos;7c6e0b3&apos;, time: &apos;2018-05-08T14:04:26.12Z&apos;
System info: host: &apos;MacBook-Pro-3.local&apos;, ip: &apos;fe80:0:0:0:14e2:8681:806b:e5b6%en0&apos;, os.name: &apos;Mac OS X&apos;, os.arch: &apos;x86_64&apos;, os.version: &apos;10.14.2&apos;, java.version: &apos;1.8.0_181&apos;
Driver info: driver.version: AndroidDriver
	at io.appium.java_client.remote.AppiumCommandExecutor$1.createSession(AppiumCommandExecutor.java:195)
	at io.appium.java_client.remote.AppiumCommandExecutor.createSession(AppiumCommandExecutor.java:209)
	at io.appium.java_client.remote.AppiumCommandExecutor.execute(AppiumCommandExecutor.java:231)
	at org.openqa.selenium.remote.RemoteWebDriver.execute(RemoteWebDriver.java:543)
	at io.appium.java_client.DefaultGenericMobileDriver.execute(DefaultGenericMobileDriver.java:42)
	at io.appium.java_client.AppiumDriver.execute(AppiumDriver.java:1)
	at io.appium.java_client.android.AndroidDriver.execute(AndroidDriver.java:1)
	at org.openqa.selenium.remote.RemoteWebDriver.startSession(RemoteWebDriver.java:207)
	at org.openqa.selenium.remote.RemoteWebDriver.&lt;init&gt;(RemoteWebDriver.java:130)
	at io.appium.java_client.DefaultGenericMobileDriver.&lt;init&gt;(DefaultGenericMobileDriver.java:38)
	at io.appium.java_client.AppiumDriver.&lt;init&gt;(AppiumDriver.java:84)
	at io.appium.java_client.AppiumDriver.&lt;init&gt;(AppiumDriver.java:94)
	at io.appium.java_client.android.AndroidDriver.&lt;init&gt;(AndroidDriver.java:93)
	at com.fpt.excercise1.TestTiKiApp.beforeClass(TestTiKiApp.java:39)
Caused by: java.lang.reflect.InvocationTargetException
	at sun.reflect.NativeMethodAccessorImpl.invoke0(Native Method)
	at sun.reflect.NativeMethodAccessorImpl.invoke(NativeMethodAccessorImpl.java:62)
	at sun.reflect.DelegatingMethodAccessorImpl.invoke(DelegatingMethodAccessorImpl.java:43)
	at java.lang.reflect.Method.invoke(Method.java:498)
	at io.appium.java_client.remote.AppiumCommandExecutor$1.createSession(AppiumCommandExecutor.java:185)
	... 51 more
Caused by: org.openqa.selenium.WebDriverException: An unknown server-side error occurred while processing the command. Original error: Cannot start the &apos;vn.tiki.app.tikiandroid&apos; application. Visit https://github.com/appium/appium/blob/master/docs/en/writing-running-appium/android/activity-startup.md for troubleshooting. Original error: Error executing adbExec. Original error: &apos;Command &apos;/usr/local/bin/adb -P 5037 -s emulator-5554 shell am start -W -n vn.tiki.app.tikiandroid/vn.tiki.app.tikiandroid.ui.SplashActivity -S&apos; timed out after 20000ms&apos;. Try to increase the 20000ms adb execution timeout represented by &apos;adbExecTimeout&apos; capability
Build info: version: &apos;3.12.0&apos;, revision: &apos;7c6e0b3&apos;, time: &apos;2018-05-08T14:04:26.12Z&apos;
System info: host: &apos;MacBook-Pro-3.local&apos;, ip: &apos;fe80:0:0:0:14e2:8681:806b:e5b6%en0&apos;, os.name: &apos;Mac OS X&apos;, os.arch: &apos;x86_64&apos;, os.version: &apos;10.14.2&apos;, java.version: &apos;1.8.0_181&apos;
Driver info: driver.version: AndroidDriver
remote stacktrace: UnknownError: An unknown server-side error occurred while processing the command. Original error: Cannot start the &apos;vn.tiki.app.tikiandroid&apos; application. Visit https://github.com/appium/appium/blob/master/docs/en/writing-running-appium/android/activity-startup.md for troubleshooting. Original error: Error executing adbExec. Original error: &apos;Command &apos;/usr/local/bin/adb -P 5037 -s emulator-5554 shell am start -W -n vn.tiki.app.tikiandroid/vn.tiki.app.tikiandroid.ui.SplashActivity -S&apos; timed out after 20000ms&apos;. Try to increase the 20000ms adb execution timeout represented by &apos;adbExecTimeout&apos; capability
    at getResponseForW3CError (/Applications/Appium.app/Contents/Resources/app/node_modules/appium/node_modules/appium-base-driver/lib/protocol/errors.js:826:9)
    at asyncHandler (/Applications/Appium.app/Contents/Resources/app/node_modules/appium/node_modules/appium-base-driver/lib/protocol/protocol.js:447:37)
    at process._tickCallback (internal/process/next_tick.js:68:7)
	at sun.reflect.NativeConstructorAccessorImpl.newInstance0(Native Method)
	at sun.reflect.NativeConstructorAccessorImpl.newInstance(NativeConstructorAccessorImpl.java:62)
	at sun.reflect.DelegatingConstructorAccessorImpl.newInstance(DelegatingConstructorAccessorImpl.java:45)
	at java.lang.reflect.Constructor.newInstance(Constructor.java:423)
	at org.openqa.selenium.remote.W3CHandshakeResponse.lambda$new$0(W3CHandshakeResponse.java:57)
	at org.openqa.selenium.remote.W3CHandshakeResponse.lambda$getResponseFunction$2(W3CHandshakeResponse.java:104)
	at org.openqa.selenium.remote.ProtocolHandshake.lambda$createSession$0(ProtocolHandshake.java:123)
	at java.util.stream.ReferencePipeline$3$1.accept(ReferencePipeline.java:193)
	at java.util.Spliterators$ArraySpliterator.tryAdvance(Spliterators.java:958)
	at java.util.stream.ReferencePipeline.forEachWithCancel(ReferencePipeline.java:126)
	at java.util.stream.AbstractPipeline.copyIntoWithCancel(AbstractPipeline.java:498)
	at java.util.stream.AbstractPipeline.copyInto(AbstractPipeline.java:485)
	at java.util.stream.AbstractPipeline.wrapAndCopyInto(AbstractPipeline.java:471)
	at java.util.stream.FindOps$FindOp.evaluateSequential(FindOps.java:152)
	at java.util.stream.AbstractPipeline.evaluate(AbstractPipeline.java:234)
	at java.util.stream.ReferencePipeline.findFirst(ReferencePipeline.java:464)
	at org.openqa.selenium.remote.ProtocolHandshake.createSession(ProtocolHandshake.java:126)
	... 56 more
</failure>
    <system-out>Configuring TestNG with: org.apache.maven.surefire.testng.conf.TestNG652Configurator@383534aa
</system-out>
    <system-err>Apr 11, 2019 8:39:52 AM io.appium.java_client.remote.AppiumCommandExecutor$1 lambda$0
INFO: Detected dialect: W3C
</system-err>
  </testcase>
  <testcase classname="com.fpt.excercise1.TestTiKiApp" name="test" time="264.898">
    <skipped/>
  </testcase>
  <testcase classname="com.fpt.excercise1.TestTiKiApp" name="close" time="264.898">
    <skipped/>
  </testcase>
  <testcase classname="com.fpt.excercise2.TestEurekaApp" name="test" time="5.675">
    <failure message="A session is either terminated or not started
Build info: version: &apos;3.12.0&apos;, revision: &apos;7c6e0b3&apos;, time: &apos;2018-05-08T14:04:26.12Z&apos;
System info: host: &apos;MacBook-Pro-3.local&apos;, ip: &apos;fe80:0:0:0:14e2:8681:806b:e5b6%en0&apos;, os.name: &apos;Mac OS X&apos;, os.arch: &apos;x86_64&apos;, os.version: &apos;10.14.2&apos;, java.version: &apos;1.8.0_181&apos;
Driver info: io.appium.java_client.ios.IOSDriver
Capabilities {automationName: XCUITest, browserName: , bundleId: com.xmartlabs.Example, databaseEnabled: false, deviceName: iPhone 8, javascriptEnabled: true, locationContextEnabled: false, networkConnectionEnabled: false, platform: MAC, platformName: iOS, platformVersion: 11.3, takesScreenshot: true, udid: B14E17E2-B041-41C7-946F-1BA..., webStorageEnabled: false}
Session ID: 7b267417-7b16-4513-a5e8-054b4c2e4af0
*** Element info: {Using=name, value=Native iOS Event Form}" type="org.openqa.selenium.NoSuchSessionException">org.openqa.selenium.NoSuchSessionException: A session is either terminated or not started
Build info: version: &apos;3.12.0&apos;, revision: &apos;7c6e0b3&apos;, time: &apos;2018-05-08T14:04:26.12Z&apos;
System info: host: &apos;MacBook-Pro-3.local&apos;, ip: &apos;fe80:0:0:0:14e2:8681:806b:e5b6%en0&apos;, os.name: &apos;Mac OS X&apos;, os.arch: &apos;x86_64&apos;, os.version: &apos;10.14.2&apos;, java.version: &apos;1.8.0_181&apos;
Driver info: io.appium.java_client.ios.IOSDriver
Capabilities {automationName: XCUITest, browserName: , bundleId: com.xmartlabs.Example, databaseEnabled: false, deviceName: iPhone 8, javascriptEnabled: true, locationContextEnabled: false, networkConnectionEnabled: false, platform: MAC, platformName: iOS, platformVersion: 11.3, takesScreenshot: true, udid: B14E17E2-B041-41C7-946F-1BA..., webStorageEnabled: false}
Session ID: 7b267417-7b16-4513-a5e8-054b4c2e4af0
*** Element info: {Using=name, value=Native iOS Event Form}
	at sun.reflect.NativeConstructorAccessorImpl.newInstance0(Native Method)
	at sun.reflect.NativeConstructorAccessorImpl.newInstance(NativeConstructorAccessorImpl.java:62)
	at sun.reflect.DelegatingConstructorAccessorImpl.newInstance(DelegatingConstructorAccessorImpl.java:45)
	at java.lang.reflect.Constructor.newInstance(Constructor.java:423)
	at org.openqa.selenium.remote.http.W3CHttpResponseCodec.createException(W3CHttpResponseCodec.java:187)
	at org.openqa.selenium.remote.http.W3CHttpResponseCodec.decode(W3CHttpResponseCodec.java:122)
	at org.openqa.selenium.remote.http.W3CHttpResponseCodec.decode(W3CHttpResponseCodec.java:49)
	at org.openqa.selenium.remote.HttpCommandExecutor.execute(HttpCommandExecutor.java:158)
	at io.appium.java_client.remote.AppiumCommandExecutor.execute(AppiumCommandExecutor.java:231)
	at org.openqa.selenium.remote.RemoteWebDriver.execute(RemoteWebDriver.java:543)
	at io.appium.java_client.DefaultGenericMobileDriver.execute(DefaultGenericMobileDriver.java:42)
	at io.appium.java_client.AppiumDriver.execute(AppiumDriver.java:1)
	at io.appium.java_client.ios.IOSDriver.execute(IOSDriver.java:1)
	at org.openqa.selenium.remote.RemoteWebDriver.findElement(RemoteWebDriver.java:317)
	at io.appium.java_client.DefaultGenericMobileDriver.findElement(DefaultGenericMobileDriver.java:62)
	at io.appium.java_client.AppiumDriver.findElement(AppiumDriver.java:1)
	at io.appium.java_client.ios.IOSDriver.findElement(IOSDriver.java:1)
	at org.openqa.selenium.remote.RemoteWebDriver.findElementByName(RemoteWebDriver.java:395)
	at io.appium.java_client.DefaultGenericMobileDriver.findElementByName(DefaultGenericMobileDriver.java:118)
	at io.appium.java_client.AppiumDriver.findElementByName(AppiumDriver.java:1)
	at io.appium.java_client.ios.IOSDriver.findElementByName(IOSDriver.java:1)
	at org.openqa.selenium.By$ByName.findElement(By.java:284)
	at org.openqa.selenium.remote.RemoteWebDriver.findElement(RemoteWebDriver.java:309)
	at io.appium.java_client.DefaultGenericMobileDriver.findElement(DefaultGenericMobileDriver.java:58)
	at io.appium.java_client.AppiumDriver.findElement(AppiumDriver.java:1)
	at io.appium.java_client.ios.IOSDriver.findElement(IOSDriver.java:1)
	at com.fpt.excercise2.TestEurekaApp.test(TestEurekaApp.java:36)
</failure>
  </testcase>
  <testcase classname="com.fpt.excercise2.TestEurekaApp" name="teardown" time="12.473">
    <failure message="A session is either terminated or not started
Build info: version: &apos;3.12.0&apos;, revision: &apos;7c6e0b3&apos;, time: &apos;2018-05-08T14:04:26.12Z&apos;
System info: host: &apos;MacBook-Pro-3.local&apos;, ip: &apos;fe80:0:0:0:14e2:8681:806b:e5b6%en0&apos;, os.name: &apos;Mac OS X&apos;, os.arch: &apos;x86_64&apos;, os.version: &apos;10.14.2&apos;, java.version: &apos;1.8.0_181&apos;
Driver info: io.appium.java_client.ios.IOSDriver
Capabilities {automationName: XCUITest, browserName: , bundleId: com.xmartlabs.Example, databaseEnabled: false, deviceName: iPhone 8, javascriptEnabled: true, locationContextEnabled: false, networkConnectionEnabled: false, platform: MAC, platformName: iOS, platformVersion: 11.3, takesScreenshot: true, udid: B14E17E2-B041-41C7-946F-1BA..., webStorageEnabled: false}
Session ID: 7b267417-7b16-4513-a5e8-054b4c2e4af0" type="org.openqa.selenium.NoSuchSessionException">org.openqa.selenium.NoSuchSessionException: A session is either terminated or not started
Build info: version: &apos;3.12.0&apos;, revision: &apos;7c6e0b3&apos;, time: &apos;2018-05-08T14:04:26.12Z&apos;
System info: host: &apos;MacBook-Pro-3.local&apos;, ip: &apos;fe80:0:0:0:14e2:8681:806b:e5b6%en0&apos;, os.name: &apos;Mac OS X&apos;, os.arch: &apos;x86_64&apos;, os.version: &apos;10.14.2&apos;, java.version: &apos;1.8.0_181&apos;
Driver info: io.appium.java_client.ios.IOSDriver
Capabilities {automationName: XCUITest, browserName: , bundleId: com.xmartlabs.Example, databaseEnabled: false, deviceName: iPhone 8, javascriptEnabled: true, locationContextEnabled: false, networkConnectionEnabled: false, platform: MAC, platformName: iOS, platformVersion: 11.3, takesScreenshot: true, udid: B14E17E2-B041-41C7-946F-1BA..., webStorageEnabled: false}
Session ID: 7b267417-7b16-4513-a5e8-054b4c2e4af0
	at sun.reflect.NativeConstructorAccessorImpl.newInstance0(Native Method)
	at sun.reflect.NativeConstructorAccessorImpl.newInstance(NativeConstructorAccessorImpl.java:62)
	at sun.reflect.DelegatingConstructorAccessorImpl.newInstance(DelegatingConstructorAccessorImpl.java:45)
	at java.lang.reflect.Constructor.newInstance(Constructor.java:423)
	at org.openqa.selenium.remote.http.W3CHttpResponseCodec.createException(W3CHttpResponseCodec.java:187)
	at org.openqa.selenium.remote.http.W3CHttpResponseCodec.decode(W3CHttpResponseCodec.java:122)
	at org.openqa.selenium.remote.http.W3CHttpResponseCodec.decode(W3CHttpResponseCodec.java:49)
	at org.openqa.selenium.remote.HttpCommandExecutor.execute(HttpCommandExecutor.java:158)
	at io.appium.java_client.remote.AppiumCommandExecutor.execute(AppiumCommandExecutor.java:231)
	at org.openqa.selenium.remote.RemoteWebDriver.execute(RemoteWebDriver.java:543)
	at io.appium.java_client.DefaultGenericMobileDriver.execute(DefaultGenericMobileDriver.java:46)
	at io.appium.java_client.AppiumDriver.execute(AppiumDriver.java:1)
	at io.appium.java_client.ios.IOSDriver.execute(IOSDriver.java:1)
	at org.openqa.selenium.remote.RemoteWebDriver.quit(RemoteWebDriver.java:443)
	at com.fpt.excercise2.TestEurekaApp.teardown(TestEurekaApp.java:92)
</failure>
  </testcase>
</testsuite>