<?xml version="1.0" encoding="UTF-8"?>
<testng-results skipped="0" failed="0" ignored="0" total="1" passed="1">
  <reporter-output>
  </reporter-output>
  <suite name="Default suite" duration-ms="107514" started-at="2019-04-11T01:41:24Z" finished-at="2019-04-11T01:43:11Z">
    <groups>
    </groups>
    <test name="Default test" duration-ms="107514" started-at="2019-04-11T01:41:24Z" finished-at="2019-04-11T01:43:11Z">
      <class name="com.fpt.excercise1.TestTiKiApp">
        <test-method status="PASS" signature="beforeClass()[pri:0, instance:com.fpt.excercise1.TestTiKiApp@3abbfa04]" name="beforeClass" is-config="true" duration-ms="49064" started-at="2019-04-11T01:41:24Z" finished-at="2019-04-11T01:42:13Z">
          <reporter-output>
          </reporter-output>
        </test-method> <!-- beforeClass -->
        <test-method status="PASS" signature="test()[pri:0, instance:com.fpt.excercise1.TestTiKiApp@3abbfa04]" name="test" duration-ms="57508" started-at="2019-04-11T01:42:13Z" finished-at="2019-04-11T01:43:10Z">
          <reporter-output>
          </reporter-output>
        </test-method> <!-- test -->
        <test-method status="PASS" signature="close()[pri:0, instance:com.fpt.excercise1.TestTiKiApp@3abbfa04]" name="close" is-config="true" duration-ms="870" started-at="2019-04-11T01:43:10Z" finished-at="2019-04-11T01:43:11Z">
          <reporter-output>
          </reporter-output>
        </test-method> <!-- close -->
      </class> <!-- com.fpt.excercise1.TestTiKiApp -->
    </test> <!-- Default test -->
  </suite> <!-- Default suite -->
</testng-results>
