<?xml version="1.0" encoding="UTF-8"?>
<testng-results skipped="0" failed="0" total="1" passed="1">
  <reporter-output>
  </reporter-output>
  <suite name="cucumberoptions.RunCukeTest" duration-ms="424988" started-at="2019-04-16T04:51:08Z" finished-at="2019-04-16T04:58:13Z">
    <groups>
      <group name="cucumber">
        <method signature="RunCukeTest.feature(cucumber.api.testng.CucumberFeatureWrapper)[pri:0, instance:cucumberoptions.RunCukeTest@35fb3008]" name="feature" class="cucumberoptions.RunCukeTest"/>
      </group> <!-- cucumber -->
    </groups>
    <test name="Command line test" duration-ms="424988" started-at="2019-04-16T04:51:08Z" finished-at="2019-04-16T04:58:13Z">
      <class name="cucumberoptions.RunCukeTest">
        <test-method status="PASS" signature="setUpClass()[pri:0, instance:cucumberoptions.RunCukeTest@35fb3008]" name="setUpClass" is-config="true" duration-ms="231" started-at="2019-04-16T11:51:08Z" finished-at="2019-04-16T11:51:09Z">
          <reporter-output>
          </reporter-output>
        </test-method> <!-- setUpClass -->
        <test-method status="PASS" signature="feature(cucumber.api.testng.CucumberFeatureWrapper)[pri:0, instance:cucumberoptions.RunCukeTest@35fb3008]" name="feature" duration-ms="424653" started-at="2019-04-16T11:51:09Z" description="Runs Cucumber Feature" data-provider="features" finished-at="2019-04-16T11:58:13Z">
          <params>
            <param index="0">
              <value>
                <![CDATA[Test TIKI App]]>
              </value>
            </param>
          </params>
          <reporter-output>
          </reporter-output>
        </test-method> <!-- feature -->
        <test-method status="PASS" signature="tearDownClass()[pri:0, instance:cucumberoptions.RunCukeTest@35fb3008]" name="tearDownClass" is-config="true" duration-ms="13" started-at="2019-04-16T11:58:13Z" finished-at="2019-04-16T11:58:13Z">
          <reporter-output>
          </reporter-output>
        </test-method> <!-- tearDownClass -->
      </class> <!-- cucumberoptions.RunCukeTest -->
    </test> <!-- Command line test -->
  </suite> <!-- cucumberoptions.RunCukeTest -->
</testng-results>
