<?xml version="1.0" encoding="UTF-8" ?>
<testsuite tests="9" failures="1" name="TestSuite" time="12.191" errors="0" skipped="8">
  <properties>
[...]
</properties>
  <testcase classname="Excercise1.TestChromeApp" name="setup" time="1.338">
    <failure message="It is impossible to create a new session because &apos;createSession&apos; which takes HttpClient, InputStream and long was not found or it is not accessible
Build info: version: &apos;3.12.0&apos;, revision: &apos;7c6e0b3&apos;, time: &apos;2018-05-08T14:04:26.12Z&apos;
System info: host: &apos;MacBook-Pro-3.local&apos;, ip: &apos;fe80:0:0:0:1899:c1e1:6790:101e%en0&apos;, os.name: &apos;Mac OS X&apos;, os.arch: &apos;x86_64&apos;, os.version: &apos;10.14.2&apos;, java.version: &apos;1.8.0_181&apos;
Driver info: driver.version: AndroidDriver" type="org.openqa.selenium.WebDriverException">org.openqa.selenium.WebDriverException: It is impossible to create a new session because &apos;createSession&apos; which takes HttpClient, InputStream and long was not found or it is not accessible
Build info: version: &apos;3.12.0&apos;, revision: &apos;7c6e0b3&apos;, time: &apos;2018-05-08T14:04:26.12Z&apos;
System info: host: &apos;MacBook-Pro-3.local&apos;, ip: &apos;fe80:0:0:0:1899:c1e1:6790:101e%en0&apos;, os.name: &apos;Mac OS X&apos;, os.arch: &apos;x86_64&apos;, os.version: &apos;10.14.2&apos;, java.version: &apos;1.8.0_181&apos;
Driver info: driver.version: AndroidDriver
	at io.appium.java_client.remote.AppiumCommandExecutor$1.createSession(AppiumCommandExecutor.java:195)
	at io.appium.java_client.remote.AppiumCommandExecutor.createSession(AppiumCommandExecutor.java:209)
	at io.appium.java_client.remote.AppiumCommandExecutor.execute(AppiumCommandExecutor.java:231)
	at org.openqa.selenium.remote.RemoteWebDriver.execute(RemoteWebDriver.java:543)
	at io.appium.java_client.DefaultGenericMobileDriver.execute(DefaultGenericMobileDriver.java:42)
	at io.appium.java_client.AppiumDriver.execute(AppiumDriver.java:1)
	at io.appium.java_client.android.AndroidDriver.execute(AndroidDriver.java:1)
	at org.openqa.selenium.remote.RemoteWebDriver.startSession(RemoteWebDriver.java:207)
	at org.openqa.selenium.remote.RemoteWebDriver.&lt;init&gt;(RemoteWebDriver.java:130)
	at io.appium.java_client.DefaultGenericMobileDriver.&lt;init&gt;(DefaultGenericMobileDriver.java:38)
	at io.appium.java_client.AppiumDriver.&lt;init&gt;(AppiumDriver.java:84)
	at io.appium.java_client.AppiumDriver.&lt;init&gt;(AppiumDriver.java:94)
	at io.appium.java_client.android.AndroidDriver.&lt;init&gt;(AndroidDriver.java:93)
	at Excercise1.TestChromeApp.setup(TestChromeApp.java:30)
Caused by: java.lang.reflect.InvocationTargetException
	at sun.reflect.NativeMethodAccessorImpl.invoke0(Native Method)
	at sun.reflect.NativeMethodAccessorImpl.invoke(NativeMethodAccessorImpl.java:62)
	at sun.reflect.DelegatingMethodAccessorImpl.invoke(DelegatingMethodAccessorImpl.java:43)
	at java.lang.reflect.Method.invoke(Method.java:498)
	at io.appium.java_client.remote.AppiumCommandExecutor$1.createSession(AppiumCommandExecutor.java:185)
	... 47 more
Caused by: org.openqa.selenium.WebDriverException: An unknown server-side error occurred while processing the command. Original error: Device ce021712ac8be4a70c was not in the list of connected devices
Build info: version: &apos;3.12.0&apos;, revision: &apos;7c6e0b3&apos;, time: &apos;2018-05-08T14:04:26.12Z&apos;
System info: host: &apos;MacBook-Pro-3.local&apos;, ip: &apos;fe80:0:0:0:1899:c1e1:6790:101e%en0&apos;, os.name: &apos;Mac OS X&apos;, os.arch: &apos;x86_64&apos;, os.version: &apos;10.14.2&apos;, java.version: &apos;1.8.0_181&apos;
Driver info: driver.version: AndroidDriver
remote stacktrace: UnknownError: An unknown server-side error occurred while processing the command. Original error: Device ce021712ac8be4a70c was not in the list of connected devices
    at getResponseForW3CError (/Applications/Appium.app/Contents/Resources/app/node_modules/appium/node_modules/appium-base-driver/lib/protocol/errors.js:826:9)
    at asyncHandler (/Applications/Appium.app/Contents/Resources/app/node_modules/appium/node_modules/appium-base-driver/lib/protocol/protocol.js:447:37)
    at process._tickCallback (internal/process/next_tick.js:68:7)
	at sun.reflect.NativeConstructorAccessorImpl.newInstance0(Native Method)
	at sun.reflect.NativeConstructorAccessorImpl.newInstance(NativeConstructorAccessorImpl.java:62)
	at sun.reflect.DelegatingConstructorAccessorImpl.newInstance(DelegatingConstructorAccessorImpl.java:45)
	at java.lang.reflect.Constructor.newInstance(Constructor.java:423)
	at org.openqa.selenium.remote.W3CHandshakeResponse.lambda$new$0(W3CHandshakeResponse.java:57)
	at org.openqa.selenium.remote.W3CHandshakeResponse.lambda$getResponseFunction$2(W3CHandshakeResponse.java:104)
	at org.openqa.selenium.remote.ProtocolHandshake.lambda$createSession$0(ProtocolHandshake.java:123)
	at java.util.stream.ReferencePipeline$3$1.accept(ReferencePipeline.java:193)
	at java.util.Spliterators$ArraySpliterator.tryAdvance(Spliterators.java:958)
	at java.util.stream.ReferencePipeline.forEachWithCancel(ReferencePipeline.java:126)
	at java.util.stream.AbstractPipeline.copyIntoWithCancel(AbstractPipeline.java:498)
	at java.util.stream.AbstractPipeline.copyInto(AbstractPipeline.java:485)
	at java.util.stream.AbstractPipeline.wrapAndCopyInto(AbstractPipeline.java:471)
	at java.util.stream.FindOps$FindOp.evaluateSequential(FindOps.java:152)
	at java.util.stream.AbstractPipeline.evaluate(AbstractPipeline.java:234)
	at java.util.stream.ReferencePipeline.findFirst(ReferencePipeline.java:464)
	at org.openqa.selenium.remote.ProtocolHandshake.createSession(ProtocolHandshake.java:126)
	... 52 more
</failure>
    <system-out>Configuring TestNG with: org.apache.maven.surefire.testng.conf.TestNG652Configurator@6bc168e5
</system-out>
  </testcase>
  <testcase classname="Excercise1.TestChromeApp" name="setup" time="1.341">
    <skipped/>
  </testcase>
  <testcase classname="Excercise1.TestChromeApp" name="setup" time="1.341">
    <skipped/>
  </testcase>
  <testcase classname="Excercise1.TestSafariWebApp" name="test" time="1.36">
    <skipped/>
  </testcase>
  <testcase classname="Excercise1.TestChromeApp" name="test" time="1.361">
    <skipped/>
  </testcase>
  <testcase classname="Excercise1.TestLoginApp" name="test" time="1.362">
    <skipped/>
  </testcase>
  <testcase classname="Excercise1.TestChromeApp" name="teardown" time="1.362">
    <skipped/>
  </testcase>
  <testcase classname="Excercise1.TestChromeApp" name="teardown" time="1.363">
    <skipped/>
  </testcase>
  <testcase classname="Excercise1.TestChromeApp" name="teardown" time="1.363">
    <skipped/>
  </testcase>
</testsuite>