<?xml version="1.0" encoding="UTF-8"?>
<testng-results skipped="0" failed="0" ignored="0" total="1" passed="1">
  <reporter-output>
  </reporter-output>
  <suite name="Default suite" duration-ms="111687" started-at="2019-04-17T02:57:57Z" finished-at="2019-04-17T02:59:49Z">
    <groups>
    </groups>
    <test name="Default test" duration-ms="111687" started-at="2019-04-17T02:57:57Z" finished-at="2019-04-17T02:59:49Z">
      <class name="com.fpt.TestEurekaApp">
        <test-method status="PASS" signature="setup()[pri:0, instance:com.fpt.TestEurekaApp@6d7b4f4c]" name="setup" is-config="true" duration-ms="15046" started-at="2019-04-17T02:57:57Z" finished-at="2019-04-17T02:58:13Z">
          <reporter-output>
          </reporter-output>
        </test-method> <!-- setup -->
        <test-method status="PASS" signature="test()[pri:0, instance:com.fpt.TestEurekaApp@6d7b4f4c]" name="test" duration-ms="95413" started-at="2019-04-17T02:58:13Z" finished-at="2019-04-17T02:59:48Z">
          <reporter-output>
          </reporter-output>
        </test-method> <!-- test -->
        <test-method status="PASS" signature="teardown()[pri:0, instance:com.fpt.TestEurekaApp@6d7b4f4c]" name="teardown" is-config="true" duration-ms="1193" started-at="2019-04-17T02:59:48Z" finished-at="2019-04-17T02:59:49Z">
          <reporter-output>
          </reporter-output>
        </test-method> <!-- teardown -->
      </class> <!-- com.fpt.TestEurekaApp -->
    </test> <!-- Default test -->
  </suite> <!-- Default suite -->
</testng-results>
