<?xml version="1.0" encoding="UTF-8"?>
<testng-results skipped="0" failed="0" ignored="0" total="1" passed="1">
  <reporter-output>
  </reporter-output>
  <suite name="Default suite" duration-ms="29387" started-at="2019-04-17T03:10:25Z" finished-at="2019-04-17T03:10:54Z">
    <groups>
    </groups>
    <test name="Default test" duration-ms="29387" started-at="2019-04-17T03:10:25Z" finished-at="2019-04-17T03:10:54Z">
      <class name="com.fpt.HybridAppTestOnAndroid">
        <test-method status="PASS" signature="setup()[pri:0, instance:com.fpt.HybridAppTestOnAndroid@262b2c86]" name="setup" is-config="true" duration-ms="8127" started-at="2019-04-17T03:10:25Z" finished-at="2019-04-17T03:10:33Z">
          <reporter-output>
          </reporter-output>
        </test-method> <!-- setup -->
        <test-method status="PASS" signature="Test()[pri:0, instance:com.fpt.HybridAppTestOnAndroid@262b2c86]" name="Test" duration-ms="16913" started-at="2019-04-17T03:10:33Z" finished-at="2019-04-17T03:10:50Z">
          <reporter-output>
          </reporter-output>
        </test-method> <!-- Test -->
        <test-method status="PASS" signature="teardown()[pri:0, instance:com.fpt.HybridAppTestOnAndroid@262b2c86]" name="teardown" is-config="true" duration-ms="4302" started-at="2019-04-17T03:10:50Z" finished-at="2019-04-17T03:10:54Z">
          <reporter-output>
          </reporter-output>
        </test-method> <!-- teardown -->
      </class> <!-- com.fpt.HybridAppTestOnAndroid -->
    </test> <!-- Default test -->
  </suite> <!-- Default suite -->
</testng-results>
