<?xml version="1.0" encoding="UTF-8"?>
<testng-results skipped="0" failed="0" ignored="0" total="1" passed="1">
  <reporter-output>
  </reporter-output>
  <suite name="Default suite" duration-ms="127545" started-at="2019-04-17T02:19:53Z" finished-at="2019-04-17T02:22:00Z">
    <groups>
    </groups>
    <test name="Default test" duration-ms="127545" started-at="2019-04-17T02:19:53Z" finished-at="2019-04-17T02:22:00Z">
      <class name="com.fpt.SwiftFormsApplication">
        <test-method status="PASS" signature="setup()[pri:0, instance:com.fpt.SwiftFormsApplication@6d7b4f4c]" name="setup" is-config="true" duration-ms="49342" started-at="2019-04-17T02:19:53Z" finished-at="2019-04-17T02:20:42Z">
          <reporter-output>
          </reporter-output>
        </test-method> <!-- setup -->
        <test-method status="PASS" signature="test()[pri:0, instance:com.fpt.SwiftFormsApplication@6d7b4f4c]" name="test" duration-ms="76942" started-at="2019-04-17T02:20:42Z" finished-at="2019-04-17T02:21:59Z">
          <reporter-output>
          </reporter-output>
        </test-method> <!-- test -->
        <test-method status="PASS" signature="teardown()[pri:0, instance:com.fpt.SwiftFormsApplication@6d7b4f4c]" name="teardown" is-config="true" duration-ms="1230" started-at="2019-04-17T02:21:59Z" finished-at="2019-04-17T02:22:00Z">
          <reporter-output>
          </reporter-output>
        </test-method> <!-- teardown -->
      </class> <!-- com.fpt.SwiftFormsApplication -->
    </test> <!-- Default test -->
  </suite> <!-- Default suite -->
</testng-results>
