<?xml version="1.0" encoding="UTF-8"?>
<testng-results skipped="0" failed="0" ignored="0" total="1" passed="1">
  <reporter-output>
  </reporter-output>
  <suite name="Default suite" duration-ms="56398" started-at="2019-04-17T03:11:18Z" finished-at="2019-04-17T03:12:14Z">
    <groups>
    </groups>
    <test name="Default test" duration-ms="56398" started-at="2019-04-17T03:11:18Z" finished-at="2019-04-17T03:12:14Z">
      <class name="com.fpt.MobileWebAppOnAndroid">
        <test-method status="PASS" signature="setup()[pri:0, instance:com.fpt.MobileWebAppOnAndroid@5442a311]" name="setup" is-config="true" duration-ms="28093" started-at="2019-04-17T03:11:18Z" finished-at="2019-04-17T03:11:46Z">
          <reporter-output>
          </reporter-output>
        </test-method> <!-- setup -->
        <test-method status="PASS" signature="Test()[pri:0, instance:com.fpt.MobileWebAppOnAndroid@5442a311]" name="Test" duration-ms="19522" started-at="2019-04-17T03:11:46Z" finished-at="2019-04-17T03:12:05Z">
          <reporter-output>
          </reporter-output>
        </test-method> <!-- Test -->
        <test-method status="PASS" signature="teardown()[pri:0, instance:com.fpt.MobileWebAppOnAndroid@5442a311]" name="teardown" is-config="true" duration-ms="8751" started-at="2019-04-17T03:12:05Z" finished-at="2019-04-17T03:12:14Z">
          <reporter-output>
          </reporter-output>
        </test-method> <!-- teardown -->
      </class> <!-- com.fpt.MobileWebAppOnAndroid -->
    </test> <!-- Default test -->
  </suite> <!-- Default suite -->
</testng-results>
