<?xml version="1.0" encoding="UTF-8"?>
<testng-results skipped="0" failed="0" ignored="0" total="1" passed="1">
  <reporter-output>
  </reporter-output>
  <suite name="Default suite" duration-ms="84990" started-at="2019-04-17T02:53:04Z" finished-at="2019-04-17T02:54:29Z">
    <groups>
    </groups>
    <test name="Default test" duration-ms="84990" started-at="2019-04-17T02:53:04Z" finished-at="2019-04-17T02:54:29Z">
      <class name="com.fpt.TestTiKiApp">
        <test-method status="PASS" signature="beforeClass()[pri:0, instance:com.fpt.TestTiKiApp@4dfa3a9d]" name="beforeClass" is-config="true" duration-ms="19561" started-at="2019-04-17T02:53:04Z" finished-at="2019-04-17T02:53:24Z">
          <reporter-output>
          </reporter-output>
        </test-method> <!-- beforeClass -->
        <test-method status="PASS" signature="test()[pri:0, instance:com.fpt.TestTiKiApp@4dfa3a9d]" name="test" duration-ms="64712" started-at="2019-04-17T02:53:24Z" finished-at="2019-04-17T02:54:28Z">
          <reporter-output>
          </reporter-output>
        </test-method> <!-- test -->
        <test-method status="PASS" signature="close()[pri:0, instance:com.fpt.TestTiKiApp@4dfa3a9d]" name="close" is-config="true" duration-ms="679" started-at="2019-04-17T02:54:28Z" finished-at="2019-04-17T02:54:29Z">
          <reporter-output>
          </reporter-output>
        </test-method> <!-- close -->
      </class> <!-- com.fpt.TestTiKiApp -->
    </test> <!-- Default test -->
  </suite> <!-- Default suite -->
</testng-results>
